<?xml version="1.0" encoding="UTF-8"?>
<!-- Generated by org.testng.reporters.JUnitReportReporter -->
<testsuite hostname="Ashrafuls-MBP.fios-router.home" failures="0" tests="9" name="catalogPage.CatalogPageTest" time="53.324" errors="0" timestamp="22 Sep 2019 13:16:27 GMT">
  <testcase classname="catalogPage.CatalogPageTest" name="verifyWomenEveningDressesDisplay" time="5.273"/>
  <testcase classname="catalogPage.CatalogPageTest" name="verifyCatalogWomenDisplay" time="5.348"/>
  <testcase classname="catalogPage.CatalogPageTest" name="verifyWomenFilerProduct" time="12.101"/>
  <testcase classname="catalogPage.CatalogPageTest" name="verifyWomenCasualDressesDisplay" time="5.141"/>
  <testcase classname="catalogPage.CatalogPageTest" name="verifyCatalogDressDisplay" time="5.038"/>
  <testcase classname="catalogPage.CatalogPageTest" name="verifyWomenBlousesDisplay" time="5.135"/>
  <testcase classname="catalogPage.CatalogPageTest" name="verifyWomenSummerDressesDisplay" time="5.170"/>
  <testcase classname="catalogPage.CatalogPageTest" name="verifyWomenTshirtsDisplay" time="5.077"/>
  <testcase classname="catalogPage.CatalogPageTest" name="verifyCatalogTshirtDisplay" time="5.041"/>
</testsuite> <!-- catalogPage.CatalogPageTest -->
