<?xml version="1.0" encoding="UTF-8"?>
<!-- Generated by org.testng.reporters.JUnitReportReporter -->
<testsuite hostname="Ashrafuls-MBP.fios-router.home" failures="0" tests="4" name="socialMediaPage.SocialMediaPageTest" time="8.072" errors="0" timestamp="22 Sep 2019 13:16:27 GMT">
  <testcase classname="socialMediaPage.SocialMediaPageTest" name="verifySocialBlockGoogleplus" time="1.224"/>
  <testcase classname="socialMediaPage.SocialMediaPageTest" name="verifySocialBlockFacebook" time="3.426"/>
  <testcase classname="socialMediaPage.SocialMediaPageTest" name="verifySocialBlockTwitter" time="1.168"/>
  <testcase classname="socialMediaPage.SocialMediaPageTest" name="verifySocialBlockYoutube" time="2.254"/>
</testsuite> <!-- socialMediaPage.SocialMediaPageTest -->
