<?xml version="1.0" encoding="UTF-8"?>
<!-- Generated by org.testng.reporters.JUnitReportReporter -->
<testsuite hostname="Ashrafuls-MBP.frontierlocal.net" failures="0" tests="9" name="catalogPage.CatalogPageTest" time="7.552" errors="0" timestamp="26 Oct 2019 21:22:30 GMT">
  <testcase classname="catalogPage.CatalogPageTest" name="verifyCatalogWomenDisplay" time="0.387"/>
  <testcase classname="catalogPage.CatalogPageTest" name="verifyCatalogDressDisplay" time="0.344"/>
  <testcase classname="catalogPage.CatalogPageTest" name="verifyWomenSummerDressesDisplay" time="0.241"/>
  <testcase classname="catalogPage.CatalogPageTest" name="verifyWomenBlousesDisplay" time="0.506"/>
  <testcase classname="catalogPage.CatalogPageTest" name="verifyWomenTshirtsDisplay" time="0.435"/>
  <testcase classname="catalogPage.CatalogPageTest" name="verifyWomenCasualDressesDisplay" time="0.300"/>
  <testcase classname="catalogPage.CatalogPageTest" name="verifyWomenEveningDressesDisplay" time="0.303"/>
  <testcase classname="catalogPage.CatalogPageTest" name="verifyWomenFilerProduct" time="4.463"/>
  <testcase classname="catalogPage.CatalogPageTest" name="verifyCatalogTshirtDisplay" time="0.573"/>
</testsuite> <!-- catalogPage.CatalogPageTest -->
