<?xml version="1.0" encoding="UTF-8"?>
<!-- Generated by org.testng.reporters.JUnitReportReporter -->
<testsuite hostname="Ashrafuls-MBP.fios-router.home" failures="0" tests="4" name="socialMediaPage.SocialMediaPageTest" time="11.606" errors="0" timestamp="12 Oct 2019 16:41:41 GMT">
  <testcase classname="socialMediaPage.SocialMediaPageTest" name="verifySocialBlockFacebook" time="3.426"/>
  <testcase classname="socialMediaPage.SocialMediaPageTest" name="verifySocialBlockYoutube" time="3.398"/>
  <testcase classname="socialMediaPage.SocialMediaPageTest" name="verifySocialBlockGoogleplus" time="2.259"/>
  <testcase classname="socialMediaPage.SocialMediaPageTest" name="verifySocialBlockTwitter" time="2.523"/>
</testsuite> <!-- socialMediaPage.SocialMediaPageTest -->
