<?xml version="1.0" encoding="UTF-8"?>
<!-- Generated by org.testng.reporters.JUnitReportReporter -->
<testsuite hostname="Ashrafuls-MBP.fios-router.home" failures="0" tests="1" name="contactPage.ContactPageTest" time="9.320" errors="0" timestamp="12 Oct 2019 16:41:41 GMT">
  <testcase classname="contactPage.ContactPageTest" name="verifyCustomerContact" time="9.320"/>
</testsuite> <!-- contactPage.ContactPageTest -->
