<?xml version="1.0" encoding="UTF-8"?>
<!-- Generated by org.testng.reporters.JUnitReportReporter -->
<testsuite hostname="Ashrafuls-MBP.fios-router.home" failures="0" tests="1" name="contactPage.ContactPageTest" time="12.329" errors="0" timestamp="22 Sep 2019 13:16:27 GMT">
  <testcase classname="contactPage.ContactPageTest" name="verifyCustomerContact" time="12.329"/>
</testsuite> <!-- contactPage.ContactPageTest -->
