<?xml version="1.0" encoding="UTF-8"?>
<!-- Generated by org.testng.reporters.JUnitReportReporter -->
<testsuite hostname="Ashrafuls-MBP.frontierlocal.net" failures="0" tests="1" name="contactPage.ContactPageTest" time="7.028" errors="0" timestamp="26 Oct 2019 21:22:30 GMT">
  <testcase classname="contactPage.ContactPageTest" name="verifyCustomerContact" time="7.028"/>
</testsuite> <!-- contactPage.ContactPageTest -->
